<?xml version="1.0" encoding="UTF-8"?>
<testsuite hostname="Hituj" name="com.PhpTravel.TravelBook" tests="1" failures="1" timestamp="25 Jul 2017 20:13:38 GMT" time="37.677" errors="0">
  <testcase name="bookTicket" time="36.51" classname="com.PhpTravel.TravelBook">
    <failure type="java.lang.IndexOutOfBoundsException" message="Index: 33, Size: 33">
      <![CDATA[java.lang.IndexOutOfBoundsException: Index: 33, Size: 33
	at java.util.ArrayList.rangeCheck(ArrayList.java:653)
	at java.util.ArrayList.get(ArrayList.java:429)
	at com.PhpTravel.TravelBook.bookTicket(TravelBook.java:182)
	at org.apache.maven.surefire.testng.TestNGExecutor.run(TestNGExecutor.java:281)
	at org.apache.maven.surefire.testng.TestNGXmlTestSuite.execute(TestNGXmlTestSuite.java:75)
	at org.apache.maven.surefire.testng.TestNGProvider.invoke(TestNGProvider.java:121)
	at org.apache.maven.surefire.booter.ForkedBooter.invokeProviderInSameClassLoader(ForkedBooter.java:290)
	at org.apache.maven.surefire.booter.ForkedBooter.runSuitesInProcess(ForkedBooter.java:242)
	at org.apache.maven.surefire.booter.ForkedBooter.main(ForkedBooter.java:121)
... Removed 22 stack frames]]>
    </failure>
  </testcase>
</testsuite>
