<?xml version="1.0" encoding="UTF-8"?>
<testng-results skipped="0" failed="0" total="1" passed="1">
  <reporter-output>
  </reporter-output>
  <suite name="Suite" duration-ms="13014" started-at="2018-02-03T21:26:45Z" finished-at="2018-02-03T21:26:58Z">
    <groups>
    </groups>
    <test name="Test" duration-ms="13014" started-at="2018-02-03T21:26:45Z" finished-at="2018-02-03T21:26:58Z">
      <class name="com.PhpTravel.TravelBook">
        <test-method status="PASS" signature="init()" name="init" is-config="true" duration-ms="13695" started-at="2018-02-03T21:26:31Z" finished-at="2018-02-03T21:26:45Z">
        </test-method>
        <test-method status="PASS" signature="bookTicket(java.lang.String, java.lang.String, java.lang.String, java.lang.String, java.lang.String, java.lang.String, java.lang.String, java.lang.String, java.lang.String, java.lang.String, java.lang.String)" name="bookTicket" duration-ms="11216" started-at="2018-02-03T21:26:46Z" finished-at="2018-02-03T21:26:58Z">
          <params>
            <param index="0">
              <value>
                <![CDATA[admin@phptravels.com]]>
              </value>
            </param>
            <param index="1">
              <value>
                <![CDATA[demoadmin]]>
              </value>
            </param>
            <param index="2">
              <value>
                <![CDATA[Yes]]>
              </value>
            </param>
            <param index="3">
              <value>
                <![CDATA[1]]>
              </value>
            </param>
            <param index="4">
              <value>
                <![CDATA[registered]]>
              </value>
            </param>
            <param index="5">
              <value>
                <![CDATA[14]]>
              </value>
            </param>
            <param index="6">
              <value>
                <![CDATA[12]]>
              </value>
            </param>
            <param index="7">
              <value>
                <![CDATA[9]]>
              </value>
            </param>
            <param index="8">
              <value>
                <![CDATA[400]]>
              </value>
            </param>
            <param index="9">
              <value>
                <![CDATA[Skrill]]>
              </value>
            </param>
            <param index="10">
              <value>
                <![CDATA[Dashboard]]>
              </value>
            </param>
          </params>
        </test-method>
      </class>
    </test>
  </suite>
</testng-results>
