<?xml version="1.0" encoding="UTF-8"?>
<testsuite xmlns:xsi="http://www.w3.org/2001/XMLSchema-instance" xsi:schemaLocation="https://maven.apache.org/surefire/maven-surefire-plugin/xsd/surefire-test-report.xsd" name="TestSuite" time="61.857" tests="1" errors="0" skipped="0" failures="1">
  <properties>
[...]
</properties>
  <testcase name="bookTicket" classname="com.PhpTravel.TravelBook" time="36.538">
    <failure message="Index: 33, Size: 33" type="java.lang.IndexOutOfBoundsException">java.lang.IndexOutOfBoundsException: Index: 33, Size: 33
	at com.PhpTravel.TravelBook.bookTicket(TravelBook.java:182)
</failure>
    <system-out><![CDATA[Total Row::::1
Total Column::::11
CAPTURED0
CAPTURED1
false
42
10
400
4




6
Pay MethodSelect
Pay MethodAuthorize.net
Pay MethodBank Transfer
Pay MethodPay On Arrival
Pay MethodPayPal Express Checkout
Pay MethodSkrill
Booking Done
33
Price
Order
Baby Seat
$25

Child Seat
$30

GPS
$50

Additional Driver
$25

Ford Mondeo 2012

Baby Seat
$25
Child Seat
$30
GPS
$50
Additional Driver
$25
Total Car Amount
$0
Tax & VAT
$0
Deposit
$13
GRAND TOTAL
$130
]]></system-out>
    <system-err><![CDATA[Starting ChromeDriver 2.30.477700 (0057494ad8732195794a7b32078424f92a5fce41) on port 37266
Only local connections are allowed.
]]></system-err>
  </testcase>
</testsuite>