<?xml version="1.0" encoding="UTF-8"?>
<testng-results skipped="0" failed="0" ignored="0" total="1" passed="1">
  <reporter-output>
  </reporter-output>
  <suite name="Default suite" duration-ms="12030" started-at="2018-02-03T15:35:13Z" finished-at="2018-02-03T15:35:25Z">
    <groups>
    </groups>
    <test name="Default test" duration-ms="12030" started-at="2018-02-03T15:35:13Z" finished-at="2018-02-03T15:35:25Z">
      <class name="com.PhpTravel.TravelBook">
        <test-method status="PASS" signature="init()[pri:0, instance:com.PhpTravel.TravelBook@416cf7]" name="init" is-config="true" duration-ms="11653" started-at="2018-02-03T21:05:01Z" finished-at="2018-02-03T21:05:13Z">
          <reporter-output>
          </reporter-output>
        </test-method> <!-- init -->
        <test-method status="PASS" signature="bookTicket(java.lang.String, java.lang.String, java.lang.String, java.lang.String, java.lang.String, java.lang.String, java.lang.String, java.lang.String, java.lang.String, java.lang.String, java.lang.String)[pri:0, instance:com.PhpTravel.TravelBook@416cf7]" name="bookTicket" duration-ms="10140" started-at="2018-02-03T21:05:15Z" data-provider="QuickBook" finished-at="2018-02-03T21:05:25Z">
          <params>
            <param index="0">
              <value>
                <![CDATA[admin@phptravels.com]]>
              </value>
            </param>
            <param index="1">
              <value>
                <![CDATA[demoadmin]]>
              </value>
            </param>
            <param index="2">
              <value>
                <![CDATA[Yes]]>
              </value>
            </param>
            <param index="3">
              <value>
                <![CDATA[1]]>
              </value>
            </param>
            <param index="4">
              <value>
                <![CDATA[registered]]>
              </value>
            </param>
            <param index="5">
              <value>
                <![CDATA[14]]>
              </value>
            </param>
            <param index="6">
              <value>
                <![CDATA[12]]>
              </value>
            </param>
            <param index="7">
              <value>
                <![CDATA[9]]>
              </value>
            </param>
            <param index="8">
              <value>
                <![CDATA[400]]>
              </value>
            </param>
            <param index="9">
              <value>
                <![CDATA[Skrill]]>
              </value>
            </param>
            <param index="10">
              <value>
                <![CDATA[Dashboard]]>
              </value>
            </param>
          </params>
          <reporter-output>
          </reporter-output>
        </test-method> <!-- bookTicket -->
      </class> <!-- com.PhpTravel.TravelBook -->
    </test> <!-- Default test -->
  </suite> <!-- Default suite -->
</testng-results>
